<?xml version="1.0" encoding="UTF-8"?>
<!-- Generated by org.testng.reporters.JUnitReportReporter -->
<testsuite hostname="DESKTOP-9G5CG2U" failures="0" tests="1" name="Android_Emulator.mobile_hybrid" time="14.228" errors="0" timestamp="05 Jan 2024 06:48:48 GMT" skipped="0">
  <testcase classname="Android_Emulator.mobile_hybrid" name="test1" time="14.228"/>
</testsuite> <!-- Android_Emulator.mobile_hybrid -->
