<?xml version="1.0" encoding="UTF-8"?>
<!-- Generated by org.testng.reporters.JUnitReportReporter -->
<testsuite hostname="DESKTOP-9G5CG2U" failures="0" tests="1" name="Android_Emulator.emergency_call" time="16.845" errors="0" timestamp="04 Jan 2024 09:15:12 GMT" skipped="0">
  <testcase classname="Android_Emulator.emergency_call" name="emergency" time="16.845"/>
</testsuite> <!-- Android_Emulator.emergency_call -->
