<?xml version="1.0" encoding="UTF-8"?>
<!-- Generated by org.testng.reporters.JUnitReportReporter -->
<testsuite hostname="DESKTOP-9G5CG2U" failures="0" tests="3" name="Android_Emulator.Scriptclass" time="0.009" errors="1" timestamp="04 Jan 2024 09:43:11 GMT" skipped="2">
  <testcase classname="Android_Emulator.Scriptclass" name="Alert_dilog" time="0.009">
    <error message="Unresolved compilation problems: 
	driver cannot be resolved or is not a field
	B cannot be resolved to a variable
	Syntax error, insert &quot;;&quot; to complete Statement
" type="java.lang.Error">
      <![CDATA[java.lang.Error: Unresolved compilation problems: 
driver cannot be resolved or is not a field
B cannot be resolved to a variable
Syntax error, insert ";" to complete Statement

at Android_Emulator.Scriptclass.Alert_dilog(Scriptclass.java:63)
at java.base/jdk.internal.reflect.NativeMethodAccessorImpl.invoke0(Native Method)
at java.base/jdk.internal.reflect.NativeMethodAccessorImpl.invoke(NativeMethodAccessorImpl.java:77)
at java.base/jdk.internal.reflect.DelegatingMethodAccessorImpl.invoke(DelegatingMethodAccessorImpl.java:43)
at java.base/java.lang.reflect.Method.invoke(Method.java:568)
at org.testng.internal.MethodInvocationHelper.invokeMethod(MethodInvocationHelper.java:124)
at org.testng.internal.Invoker.invokeMethod(Invoker.java:583)
at org.testng.internal.Invoker.invokeTestMethod(Invoker.java:719)
at org.testng.internal.Invoker.invokeTestMethods(Invoker.java:989)
at org.testng.internal.TestMethodWorker.invokeTestMethods(TestMethodWorker.java:125)
at org.testng.internal.TestMethodWorker.run(TestMethodWorker.java:109)
at org.testng.TestRunner.privateRun(TestRunner.java:648)
at org.testng.TestRunner.run(TestRunner.java:505)
at org.testng.SuiteRunner.runTest(SuiteRunner.java:455)
at org.testng.SuiteRunner.runSequentially(SuiteRunner.java:450)
at org.testng.SuiteRunner.privateRun(SuiteRunner.java:415)
at org.testng.SuiteRunner.run(SuiteRunner.java:364)
at org.testng.SuiteRunnerWorker.runSuite(SuiteRunnerWorker.java:52)
at org.testng.SuiteRunnerWorker.run(SuiteRunnerWorker.java:84)
at org.testng.TestNG.runSuitesSequentially(TestNG.java:1208)
at org.testng.TestNG.runSuitesLocally(TestNG.java:1137)
at org.testng.TestNG.runSuites(TestNG.java:1049)
at org.testng.TestNG.run(TestNG.java:1017)
at org.testng.remote.AbstractRemoteTestNG.run(AbstractRemoteTestNG.java:115)
at org.testng.remote.RemoteTestNG.initAndRun(RemoteTestNG.java:251)
at org.testng.remote.RemoteTestNG.main(RemoteTestNG.java:77)
]]>
    </error>
  </testcase> <!-- Alert_dilog -->
  <testcase classname="Android_Emulator.Scriptclass" name="scrolling">
    <skipped/>
  </testcase> <!-- scrolling -->
  <testcase classname="Android_Emulator.Scriptclass" name="longpress">
    <skipped/>
  </testcase> <!-- longpress -->
</testsuite> <!-- Android_Emulator.Scriptclass -->
