<?xml version="1.0" encoding="UTF-8"?>
<!-- Generated by org.testng.reporters.JUnitReportReporter -->
<testsuite hostname="DESKTOP-9G5CG2U" failures="0" tests="1" name="Android_Emulator.test1" time="15.932" errors="0" timestamp="20 Dec 2023 16:15:06 GMT" skipped="0">
  <testcase classname="Android_Emulator.test1" name="phone" time="15.932"/>
</testsuite> <!-- Android_Emulator.test1 -->
